
SQL*Loader: Release 11.1.0.6.0 - Production on Lun. Avr. 9 15:36:22 2018

Copyright (c) 1982, 2007, Oracle.  All rights reserved.

Fichier de contrôle :   Z:\BASE_DE_DONNEE\BD2\SEANCE5\DATA_CTL\CompteCC.ctl
Fichier de données :      Z:\BASE_DE_DONNEE\BD2\Seance5\DATA_CSV\CompteCC.csv
  Fichier BAD :     Z:\BASE_DE_DONNEE\BD2\SEANCE5\DATA_CTL\CompteCC.bad
  Fichier DISCARD :  aucune spécification

 (Allouer tous les rebuts)

Nombre à charger : ALL
Nombre à sauter: 0
Erreurs permises: 50
Tableau de liens :     64 lignes, maximum de 256000 octets
Continuation :    aucune spécification
Chemin utilisé:      Classique

Table COMPTEWORK, chargé à partir de chaque enregistrement physique.
Option d'insertion en vigueur pour cette table : APPEND

   Nom de colonne               Position   Long.  Séparat. Encadrem. Type de données
------------------------------ ---------- ----- ---- ---- ---------------------
LIBELLECOMPTEWORK                   FIRST     *   ;       CHARACTER            
DATEOUVERTURECOMPTEWORK              NEXT     *   ;       CHARACTER            
SOLDECOMPTEWORK                      NEXT     *   ;       CHARACTER            


Table COMPTEWORK :
  Chargement réussi de 50 Lignes.
  0 Lignes chargement impossible dû à des erreurs de données.
  0 Lignes chargement impossible car échec de toutes les clauses WHEN.
  0 Lignes chargement impossible car tous les champs étaient non renseignés.


Espace affecté au tableau de liens :                  49536 octets(64 lignes)
Octets de tampon de lecture : 1048576

Nombre total d'enregistrements logiques ignorés :          0
Nombre total d'enregistrements logiques lus :            50
Nombre total d'enregistrements logiques rejetés :         0
Nombre total d'enregistrements logiques mis au rebut :        0

Le début de l'exécution a été effectué sur Lun. Avr.  09 15:36:22 2018
La fin de l'exécution a été effectuée sur Lun. Avr.  09 15:36:22 2018

Temps écoulé (ELAPSED) :     00:00:00.12
Temps processeur (CPU) :    00:00:00.03
